<?xml version="1.0" encoding="UTF-8"?>
<testng-results ignored="0" total="58" passed="50" failed="8" skipped="0">
  <reporter-output>
  </reporter-output>
  <suite started-at="2023-09-11T20:17:31 IST" name="Default suite" finished-at="2023-09-11T20:25:32 IST" duration-ms="480554">
    <groups>
      <group name="cucumber">
        <method signature="AbstractTestNGCucumberTests.runScenario(io.cucumber.testng.PickleWrapper,io.cucumber.testng.FeatureWrapper)[pri:0, instance:runner.LocalRunner@bccb269]" name="runScenario" class="io.cucumber.testng.AbstractTestNGCucumberTests"/>
      </group> <!-- cucumber -->
    </groups>
    <test started-at="2023-09-11T20:17:31 IST" name="Default test" finished-at="2023-09-11T20:25:32 IST" duration-ms="480554">
      <class name="runner.LocalRunner">
        <test-method is-config="true" signature="setUpClass(org.testng.ITestContext)[pri:0, instance:runner.LocalRunner@bccb269]" started-at="2023-09-11T20:17:31 IST" name="setUpClass" finished-at="2023-09-11T20:17:32 IST" duration-ms="800" status="PASS">
          <params>
            <param index="0">
              <value>
                <![CDATA[org.testng.TestRunner@d54d0f5]]>
              </value>
            </param>
          </params>
          <reporter-output>
          </reporter-output>
        </test-method> <!-- setUpClass -->
        <test-method signature="runScenario(io.cucumber.testng.PickleWrapper,io.cucumber.testng.FeatureWrapper)[pri:0, instance:runner.LocalRunner@bccb269]" started-at="2023-09-11T20:17:32 IST" name="runScenario" description="Runs Cucumber Scenarios" data-provider="scenarios" finished-at="2023-09-11T20:18:15 IST" duration-ms="42755" status="PASS">
          <params>
            <param index="0">
              <value>
                <![CDATA["Invalid Login Scenario"]]>
              </value>
            </param>
            <param index="1">
              <value>
                <![CDATA["Login Functionality of OrangeHrm Site"]]>
              </value>
            </param>
          </params>
          <reporter-output>
          </reporter-output>
        </test-method> <!-- runScenario -->
        <test-method signature="runScenario(io.cucumber.testng.PickleWrapper,io.cucumber.testng.FeatureWrapper)[pri:0, instance:runner.LocalRunner@bccb269]" started-at="2023-09-11T20:17:32 IST" name="runScenario" description="Runs Cucumber Scenarios" data-provider="scenarios" finished-at="2023-09-11T20:18:15 IST" duration-ms="42804" status="PASS">
          <params>
            <param index="0">
              <value>
                <![CDATA["Invalid Login Scenario"]]>
              </value>
            </param>
            <param index="1">
              <value>
                <![CDATA["Login Functionality of OrangeHrm Site"]]>
              </value>
            </param>
          </params>
          <reporter-output>
          </reporter-output>
        </test-method> <!-- runScenario -->
        <test-method signature="runScenario(io.cucumber.testng.PickleWrapper,io.cucumber.testng.FeatureWrapper)[pri:0, instance:runner.LocalRunner@bccb269]" started-at="2023-09-11T20:17:32 IST" name="runScenario" description="Runs Cucumber Scenarios" data-provider="scenarios" finished-at="2023-09-11T20:18:18 IST" duration-ms="46087" status="PASS">
          <params>
            <param index="0">
              <value>
                <![CDATA["Invalid Login Scenario"]]>
              </value>
            </param>
            <param index="1">
              <value>
                <![CDATA["Login Functionality of OrangeHrm Site"]]>
              </value>
            </param>
          </params>
          <reporter-output>
          </reporter-output>
        </test-method> <!-- runScenario -->
        <test-method signature="runScenario(io.cucumber.testng.PickleWrapper,io.cucumber.testng.FeatureWrapper)[pri:0, instance:runner.LocalRunner@bccb269]" started-at="2023-09-11T20:17:32 IST" name="runScenario" description="Runs Cucumber Scenarios" data-provider="scenarios" finished-at="2023-09-11T20:18:11 IST" duration-ms="38566" status="PASS">
          <params>
            <param index="0">
              <value>
                <![CDATA["Invalid Login Scenario"]]>
              </value>
            </param>
            <param index="1">
              <value>
                <![CDATA["Login Functionality of OrangeHrm Site"]]>
              </value>
            </param>
          </params>
          <reporter-output>
          </reporter-output>
        </test-method> <!-- runScenario -->
        <test-method signature="runScenario(io.cucumber.testng.PickleWrapper,io.cucumber.testng.FeatureWrapper)[pri:0, instance:runner.LocalRunner@bccb269]" started-at="2023-09-11T20:17:32 IST" name="runScenario" description="Runs Cucumber Scenarios" data-provider="scenarios" finished-at="2023-09-11T20:18:12 IST" duration-ms="40121" status="PASS">
          <params>
            <param index="0">
              <value>
                <![CDATA["Invalid Login Scenario"]]>
              </value>
            </param>
            <param index="1">
              <value>
                <![CDATA["Login Functionality of OrangeHrm Site"]]>
              </value>
            </param>
          </params>
          <reporter-output>
          </reporter-output>
        </test-method> <!-- runScenario -->
        <test-method signature="runScenario(io.cucumber.testng.PickleWrapper,io.cucumber.testng.FeatureWrapper)[pri:0, instance:runner.LocalRunner@bccb269]" started-at="2023-09-11T20:17:32 IST" name="runScenario" description="Runs Cucumber Scenarios" data-provider="scenarios" finished-at="2023-09-11T20:18:18 IST" duration-ms="46055" status="PASS">
          <params>
            <param index="0">
              <value>
                <![CDATA["The Ability to Logout"]]>
              </value>
            </param>
            <param index="1">
              <value>
                <![CDATA["Login Functionality of OrangeHrm Site"]]>
              </value>
            </param>
          </params>
          <reporter-output>
          </reporter-output>
        </test-method> <!-- runScenario -->
        <test-method signature="runScenario(io.cucumber.testng.PickleWrapper,io.cucumber.testng.FeatureWrapper)[pri:0, instance:runner.LocalRunner@bccb269]" started-at="2023-09-11T20:17:32 IST" name="runScenario" description="Runs Cucumber Scenarios" data-provider="scenarios" finished-at="2023-09-11T20:18:14 IST" duration-ms="42330" status="PASS">
          <params>
            <param index="0">
              <value>
                <![CDATA["Invalid Login Scenario"]]>
              </value>
            </param>
            <param index="1">
              <value>
                <![CDATA["Login Functionality of OrangeHrm Site"]]>
              </value>
            </param>
          </params>
          <reporter-output>
          </reporter-output>
        </test-method> <!-- runScenario -->
        <test-method signature="runScenario(io.cucumber.testng.PickleWrapper,io.cucumber.testng.FeatureWrapper)[pri:0, instance:runner.LocalRunner@bccb269]" started-at="2023-09-11T20:17:32 IST" name="runScenario" description="Runs Cucumber Scenarios" data-provider="scenarios" finished-at="2023-09-11T20:18:19 IST" duration-ms="47354" status="PASS">
          <params>
            <param index="0">
              <value>
                <![CDATA["The Ability of staying logged in after clicking back button"]]>
              </value>
            </param>
            <param index="1">
              <value>
                <![CDATA["Login Functionality of OrangeHrm Site"]]>
              </value>
            </param>
          </params>
          <reporter-output>
          </reporter-output>
        </test-method> <!-- runScenario -->
        <test-method signature="runScenario(io.cucumber.testng.PickleWrapper,io.cucumber.testng.FeatureWrapper)[pri:0, instance:runner.LocalRunner@bccb269]" started-at="2023-09-11T20:17:32 IST" name="runScenario" description="Runs Cucumber Scenarios" data-provider="scenarios" finished-at="2023-09-11T20:18:10 IST" duration-ms="37704" status="PASS">
          <params>
            <param index="0">
              <value>
                <![CDATA["Invalid Login Scenario"]]>
              </value>
            </param>
            <param index="1">
              <value>
                <![CDATA["Login Functionality of OrangeHrm Site"]]>
              </value>
            </param>
          </params>
          <reporter-output>
          </reporter-output>
        </test-method> <!-- runScenario -->
        <test-method signature="runScenario(io.cucumber.testng.PickleWrapper,io.cucumber.testng.FeatureWrapper)[pri:0, instance:runner.LocalRunner@bccb269]" started-at="2023-09-11T20:17:32 IST" name="runScenario" description="Runs Cucumber Scenarios" data-provider="scenarios" finished-at="2023-09-11T20:18:43 IST" duration-ms="71275" status="FAIL">
          <params>
            <param index="0">
              <value>
                <![CDATA["Valid Login Scenario"]]>
              </value>
            </param>
            <param index="1">
              <value>
                <![CDATA["Login Functionality of OrangeHrm Site"]]>
              </value>
            </param>
          </params>
          <exception class="java.lang.AssertionError">
            <message>
              <![CDATA[expected [false] but found [true]]]>
            </message>
            <full-stacktrace>
              <![CDATA[java.lang.AssertionError: expected [false] but found [true]
at org.testng.Assert.fail(Assert.java:111)
at org.testng.Assert.failNotEquals(Assert.java:1578)
at org.testng.Assert.assertFalse(Assert.java:79)
at org.testng.Assert.assertFalse(Assert.java:89)
at stepdefinitions.LoginStepDefinition.the_user_is_logged_in(LoginStepDefinition.java:55)
at ✽.The User is logged in(file:///F:/Learning_Projects/eclipse-space/bdd-OrangeHrm/src/test/resources/Features/Login.feature:8)
]]>
            </full-stacktrace>
          </exception> <!-- java.lang.AssertionError -->
          <reporter-output>
          </reporter-output>
        </test-method> <!-- runScenario -->
        <test-method signature="runScenario(io.cucumber.testng.PickleWrapper,io.cucumber.testng.FeatureWrapper)[pri:0, instance:runner.LocalRunner@bccb269]" started-at="2023-09-11T20:18:10 IST" name="runScenario" description="Runs Cucumber Scenarios" data-provider="scenarios" finished-at="2023-09-11T20:18:54 IST" duration-ms="44825" status="PASS">
          <params>
            <param index="0">
              <value>
                <![CDATA["The Ability of staying logged out after clicking back button"]]>
              </value>
            </param>
            <param index="1">
              <value>
                <![CDATA["Login Functionality of OrangeHrm Site"]]>
              </value>
            </param>
          </params>
          <reporter-output>
          </reporter-output>
        </test-method> <!-- runScenario -->
        <test-method signature="runScenario(io.cucumber.testng.PickleWrapper,io.cucumber.testng.FeatureWrapper)[pri:0, instance:runner.LocalRunner@bccb269]" started-at="2023-09-11T20:18:11 IST" name="runScenario" description="Runs Cucumber Scenarios" data-provider="scenarios" finished-at="2023-09-11T20:18:56 IST" duration-ms="45662" status="PASS">
          <params>
            <param index="0">
              <value>
                <![CDATA["The Ability to Stay logged in after closing and reopening browser"]]>
              </value>
            </param>
            <param index="1">
              <value>
                <![CDATA["Login Functionality of OrangeHrm Site"]]>
              </value>
            </param>
          </params>
          <reporter-output>
          </reporter-output>
        </test-method> <!-- runScenario -->
        <test-method signature="runScenario(io.cucumber.testng.PickleWrapper,io.cucumber.testng.FeatureWrapper)[pri:0, instance:runner.LocalRunner@bccb269]" started-at="2023-09-11T20:18:12 IST" name="runScenario" description="Runs Cucumber Scenarios" data-provider="scenarios" finished-at="2023-09-11T20:18:41 IST" duration-ms="28537" status="PASS">
          <params>
            <param index="0">
              <value>
                <![CDATA["Verify only some fields are editable"]]>
              </value>
            </param>
            <param index="1">
              <value>
                <![CDATA["The Ability to edit Personal Details in My Info"]]>
              </value>
            </param>
          </params>
          <reporter-output>
          </reporter-output>
        </test-method> <!-- runScenario -->
        <test-method signature="runScenario(io.cucumber.testng.PickleWrapper,io.cucumber.testng.FeatureWrapper)[pri:0, instance:runner.LocalRunner@bccb269]" started-at="2023-09-11T20:18:14 IST" name="runScenario" description="Runs Cucumber Scenarios" data-provider="scenarios" finished-at="2023-09-11T20:19:43 IST" duration-ms="89201" status="FAIL">
          <params>
            <param index="0">
              <value>
                <![CDATA["Verify the First Name Text Field"]]>
              </value>
            </param>
            <param index="1">
              <value>
                <![CDATA["The Ability to edit Personal Details in My Info"]]>
              </value>
            </param>
          </params>
          <exception class="java.lang.AssertionError">
            <message>
              <![CDATA[expected [Rei] but found [   Rei   ]]]>
            </message>
            <full-stacktrace>
              <![CDATA[java.lang.AssertionError: expected [Rei] but found [   Rei   ]
at org.testng.Assert.fail(Assert.java:111)
at org.testng.Assert.failNotEquals(Assert.java:1578)
at org.testng.Assert.assertEqualsImpl(Assert.java:150)
at org.testng.Assert.assertEquals(Assert.java:132)
at org.testng.Assert.assertEquals(Assert.java:656)
at org.testng.Assert.assertEquals(Assert.java:666)
at stepdefinitions.PersonalDetailsStepDefiniton.click_save_and_verify_field_with(PersonalDetailsStepDefiniton.java:108)
at ✽.Click save and Verify "First name" field with "   Rei   "(file:///F:/Learning_Projects/eclipse-space/bdd-OrangeHrm/src/test/resources/Features/PersonalDetails.feature:19)
]]>
            </full-stacktrace>
          </exception> <!-- java.lang.AssertionError -->
          <reporter-output>
          </reporter-output>
        </test-method> <!-- runScenario -->
        <test-method signature="runScenario(io.cucumber.testng.PickleWrapper,io.cucumber.testng.FeatureWrapper)[pri:0, instance:runner.LocalRunner@bccb269]" started-at="2023-09-11T20:18:15 IST" name="runScenario" description="Runs Cucumber Scenarios" data-provider="scenarios" finished-at="2023-09-11T20:19:43 IST" duration-ms="87973" status="PASS">
          <params>
            <param index="0">
              <value>
                <![CDATA["Verify the First Name Text Field"]]>
              </value>
            </param>
            <param index="1">
              <value>
                <![CDATA["The Ability to edit Personal Details in My Info"]]>
              </value>
            </param>
          </params>
          <reporter-output>
          </reporter-output>
        </test-method> <!-- runScenario -->
        <test-method signature="runScenario(io.cucumber.testng.PickleWrapper,io.cucumber.testng.FeatureWrapper)[pri:0, instance:runner.LocalRunner@bccb269]" started-at="2023-09-11T20:18:15 IST" name="runScenario" description="Runs Cucumber Scenarios" data-provider="scenarios" finished-at="2023-09-11T20:19:14 IST" duration-ms="59532" status="PASS">
          <params>
            <param index="0">
              <value>
                <![CDATA["Verify the First Name Text Field"]]>
              </value>
            </param>
            <param index="1">
              <value>
                <![CDATA["The Ability to edit Personal Details in My Info"]]>
              </value>
            </param>
          </params>
          <reporter-output>
          </reporter-output>
        </test-method> <!-- runScenario -->
        <test-method signature="runScenario(io.cucumber.testng.PickleWrapper,io.cucumber.testng.FeatureWrapper)[pri:0, instance:runner.LocalRunner@bccb269]" started-at="2023-09-11T20:18:18 IST" name="runScenario" description="Runs Cucumber Scenarios" data-provider="scenarios" finished-at="2023-09-11T20:19:45 IST" duration-ms="87351" status="PASS">
          <params>
            <param index="0">
              <value>
                <![CDATA["Verify the First Name Text Field"]]>
              </value>
            </param>
            <param index="1">
              <value>
                <![CDATA["The Ability to edit Personal Details in My Info"]]>
              </value>
            </param>
          </params>
          <reporter-output>
          </reporter-output>
        </test-method> <!-- runScenario -->
        <test-method signature="runScenario(io.cucumber.testng.PickleWrapper,io.cucumber.testng.FeatureWrapper)[pri:0, instance:runner.LocalRunner@bccb269]" started-at="2023-09-11T20:18:18 IST" name="runScenario" description="Runs Cucumber Scenarios" data-provider="scenarios" finished-at="2023-09-11T20:19:14 IST" duration-ms="55887" status="PASS">
          <params>
            <param index="0">
              <value>
                <![CDATA["Verify the First Name Text Field"]]>
              </value>
            </param>
            <param index="1">
              <value>
                <![CDATA["The Ability to edit Personal Details in My Info"]]>
              </value>
            </param>
          </params>
          <reporter-output>
          </reporter-output>
        </test-method> <!-- runScenario -->
        <test-method signature="runScenario(io.cucumber.testng.PickleWrapper,io.cucumber.testng.FeatureWrapper)[pri:0, instance:runner.LocalRunner@bccb269]" started-at="2023-09-11T20:18:19 IST" name="runScenario" description="Runs Cucumber Scenarios" data-provider="scenarios" finished-at="2023-09-11T20:19:14 IST" duration-ms="54916" status="PASS">
          <params>
            <param index="0">
              <value>
                <![CDATA["Verify the First Name Text Field"]]>
              </value>
            </param>
            <param index="1">
              <value>
                <![CDATA["The Ability to edit Personal Details in My Info"]]>
              </value>
            </param>
          </params>
          <reporter-output>
          </reporter-output>
        </test-method> <!-- runScenario -->
        <test-method signature="runScenario(io.cucumber.testng.PickleWrapper,io.cucumber.testng.FeatureWrapper)[pri:0, instance:runner.LocalRunner@bccb269]" started-at="2023-09-11T20:18:41 IST" name="runScenario" description="Runs Cucumber Scenarios" data-provider="scenarios" finished-at="2023-09-11T20:19:25 IST" duration-ms="44596" status="PASS">
          <params>
            <param index="0">
              <value>
                <![CDATA["Verify the First Name Text Field"]]>
              </value>
            </param>
            <param index="1">
              <value>
                <![CDATA["The Ability to edit Personal Details in My Info"]]>
              </value>
            </param>
          </params>
          <reporter-output>
          </reporter-output>
        </test-method> <!-- runScenario -->
        <test-method signature="runScenario(io.cucumber.testng.PickleWrapper,io.cucumber.testng.FeatureWrapper)[pri:0, instance:runner.LocalRunner@bccb269]" started-at="2023-09-11T20:18:43 IST" name="runScenario" description="Runs Cucumber Scenarios" data-provider="scenarios" finished-at="2023-09-11T20:20:00 IST" duration-ms="76344" status="FAIL">
          <params>
            <param index="0">
              <value>
                <![CDATA["Verify the Other ID Text Field"]]>
              </value>
            </param>
            <param index="1">
              <value>
                <![CDATA["The Ability to edit Personal Details in My Info"]]>
              </value>
            </param>
          </params>
          <exception class="java.lang.AssertionError">
            <message>
              <![CDATA[expected [new@1] but found [   new@1   ]]]>
            </message>
            <full-stacktrace>
              <![CDATA[java.lang.AssertionError: expected [new@1] but found [   new@1   ]
at org.testng.Assert.fail(Assert.java:111)
at org.testng.Assert.failNotEquals(Assert.java:1578)
at org.testng.Assert.assertEqualsImpl(Assert.java:150)
at org.testng.Assert.assertEquals(Assert.java:132)
at org.testng.Assert.assertEquals(Assert.java:656)
at org.testng.Assert.assertEquals(Assert.java:666)
at stepdefinitions.PersonalDetailsStepDefiniton.click_save_and_verify_field_with(PersonalDetailsStepDefiniton.java:108)
at ✽.Click save and Verify "Other ID" field with "   new@1   "(file:///F:/Learning_Projects/eclipse-space/bdd-OrangeHrm/src/test/resources/Features/PersonalDetails.feature:48)
]]>
            </full-stacktrace>
          </exception> <!-- java.lang.AssertionError -->
          <reporter-output>
          </reporter-output>
        </test-method> <!-- runScenario -->
        <test-method signature="runScenario(io.cucumber.testng.PickleWrapper,io.cucumber.testng.FeatureWrapper)[pri:0, instance:runner.LocalRunner@bccb269]" started-at="2023-09-11T20:18:55 IST" name="runScenario" description="Runs Cucumber Scenarios" data-provider="scenarios" finished-at="2023-09-11T20:20:08 IST" duration-ms="73718" status="PASS">
          <params>
            <param index="0">
              <value>
                <![CDATA["Verify the Other ID Text Field"]]>
              </value>
            </param>
            <param index="1">
              <value>
                <![CDATA["The Ability to edit Personal Details in My Info"]]>
              </value>
            </param>
          </params>
          <reporter-output>
          </reporter-output>
        </test-method> <!-- runScenario -->
        <test-method signature="runScenario(io.cucumber.testng.PickleWrapper,io.cucumber.testng.FeatureWrapper)[pri:0, instance:runner.LocalRunner@bccb269]" started-at="2023-09-11T20:18:56 IST" name="runScenario" description="Runs Cucumber Scenarios" data-provider="scenarios" finished-at="2023-09-11T20:20:10 IST" duration-ms="73395" status="PASS">
          <params>
            <param index="0">
              <value>
                <![CDATA["Verify the Other ID Text Field"]]>
              </value>
            </param>
            <param index="1">
              <value>
                <![CDATA["The Ability to edit Personal Details in My Info"]]>
              </value>
            </param>
          </params>
          <reporter-output>
          </reporter-output>
        </test-method> <!-- runScenario -->
        <test-method signature="runScenario(io.cucumber.testng.PickleWrapper,io.cucumber.testng.FeatureWrapper)[pri:0, instance:runner.LocalRunner@bccb269]" started-at="2023-09-11T20:19:14 IST" name="runScenario" description="Runs Cucumber Scenarios" data-provider="scenarios" finished-at="2023-09-11T20:20:30 IST" duration-ms="75809" status="PASS">
          <params>
            <param index="0">
              <value>
                <![CDATA["Verify the Other ID Text Field"]]>
              </value>
            </param>
            <param index="1">
              <value>
                <![CDATA["The Ability to edit Personal Details in My Info"]]>
              </value>
            </param>
          </params>
          <reporter-output>
          </reporter-output>
        </test-method> <!-- runScenario -->
        <test-method signature="runScenario(io.cucumber.testng.PickleWrapper,io.cucumber.testng.FeatureWrapper)[pri:0, instance:runner.LocalRunner@bccb269]" started-at="2023-09-11T20:19:14 IST" name="runScenario" description="Runs Cucumber Scenarios" data-provider="scenarios" finished-at="2023-09-11T20:20:30 IST" duration-ms="75966" status="FAIL">
          <params>
            <param index="0">
              <value>
                <![CDATA["Verify the Other ID Text Field"]]>
              </value>
            </param>
            <param index="1">
              <value>
                <![CDATA["The Ability to edit Personal Details in My Info"]]>
              </value>
            </param>
          </params>
          <exception class="java.lang.AssertionError">
            <message>
              <![CDATA[expected [] but found [     ]]]>
            </message>
            <full-stacktrace>
              <![CDATA[java.lang.AssertionError: expected [] but found [     ]
at org.testng.Assert.fail(Assert.java:111)
at org.testng.Assert.failNotEquals(Assert.java:1578)
at org.testng.Assert.assertEqualsImpl(Assert.java:150)
at org.testng.Assert.assertEquals(Assert.java:132)
at org.testng.Assert.assertEquals(Assert.java:656)
at org.testng.Assert.assertEquals(Assert.java:666)
at stepdefinitions.PersonalDetailsStepDefiniton.click_save_and_verify_field_with(PersonalDetailsStepDefiniton.java:108)
at ✽.Click save and Verify "Other ID" field with "     "(file:///F:/Learning_Projects/eclipse-space/bdd-OrangeHrm/src/test/resources/Features/PersonalDetails.feature:48)
]]>
            </full-stacktrace>
          </exception> <!-- java.lang.AssertionError -->
          <reporter-output>
          </reporter-output>
        </test-method> <!-- runScenario -->
        <test-method signature="runScenario(io.cucumber.testng.PickleWrapper,io.cucumber.testng.FeatureWrapper)[pri:0, instance:runner.LocalRunner@bccb269]" started-at="2023-09-11T20:19:14 IST" name="runScenario" description="Runs Cucumber Scenarios" data-provider="scenarios" finished-at="2023-09-11T20:20:30 IST" duration-ms="76073" status="PASS">
          <params>
            <param index="0">
              <value>
                <![CDATA["Verify the Other ID Text Field"]]>
              </value>
            </param>
            <param index="1">
              <value>
                <![CDATA["The Ability to edit Personal Details in My Info"]]>
              </value>
            </param>
          </params>
          <reporter-output>
          </reporter-output>
        </test-method> <!-- runScenario -->
        <test-method signature="runScenario(io.cucumber.testng.PickleWrapper,io.cucumber.testng.FeatureWrapper)[pri:0, instance:runner.LocalRunner@bccb269]" started-at="2023-09-11T20:19:25 IST" name="runScenario" description="Runs Cucumber Scenarios" data-provider="scenarios" finished-at="2023-09-11T20:20:04 IST" duration-ms="38534" status="PASS">
          <params>
            <param index="0">
              <value>
                <![CDATA["Verify the Other ID Text Field"]]>
              </value>
            </param>
            <param index="1">
              <value>
                <![CDATA["The Ability to edit Personal Details in My Info"]]>
              </value>
            </param>
          </params>
          <reporter-output>
          </reporter-output>
        </test-method> <!-- runScenario -->
        <test-method signature="runScenario(io.cucumber.testng.PickleWrapper,io.cucumber.testng.FeatureWrapper)[pri:0, instance:runner.LocalRunner@bccb269]" started-at="2023-09-11T20:19:43 IST" name="runScenario" description="Runs Cucumber Scenarios" data-provider="scenarios" finished-at="2023-09-11T20:20:58 IST" duration-ms="74992" status="FAIL">
          <params>
            <param index="0">
              <value>
                <![CDATA["Verify the Middle Name Text Field"]]>
              </value>
            </param>
            <param index="1">
              <value>
                <![CDATA["The Ability to edit Personal Details in My Info"]]>
              </value>
            </param>
          </params>
          <exception class="java.lang.AssertionError">
            <message>
              <![CDATA[expected [Yagami] but found [   Yagami   ]]]>
            </message>
            <full-stacktrace>
              <![CDATA[java.lang.AssertionError: expected [Yagami] but found [   Yagami   ]
at org.testng.Assert.fail(Assert.java:111)
at org.testng.Assert.failNotEquals(Assert.java:1578)
at org.testng.Assert.assertEqualsImpl(Assert.java:150)
at org.testng.Assert.assertEquals(Assert.java:132)
at org.testng.Assert.assertEquals(Assert.java:656)
at org.testng.Assert.assertEquals(Assert.java:666)
at stepdefinitions.PersonalDetailsStepDefiniton.click_save_and_verify_field_with(PersonalDetailsStepDefiniton.java:108)
at ✽.Click save and Verify "Middle name" field with "   Yagami   "(file:///F:/Learning_Projects/eclipse-space/bdd-OrangeHrm/src/test/resources/Features/PersonalDetails.feature:77)
]]>
            </full-stacktrace>
          </exception> <!-- java.lang.AssertionError -->
          <reporter-output>
          </reporter-output>
        </test-method> <!-- runScenario -->
        <test-method signature="runScenario(io.cucumber.testng.PickleWrapper,io.cucumber.testng.FeatureWrapper)[pri:0, instance:runner.LocalRunner@bccb269]" started-at="2023-09-11T20:19:43 IST" name="runScenario" description="Runs Cucumber Scenarios" data-provider="scenarios" finished-at="2023-09-11T20:20:58 IST" duration-ms="74596" status="PASS">
          <params>
            <param index="0">
              <value>
                <![CDATA["Verify the Middle Name Text Field"]]>
              </value>
            </param>
            <param index="1">
              <value>
                <![CDATA["The Ability to edit Personal Details in My Info"]]>
              </value>
            </param>
          </params>
          <reporter-output>
          </reporter-output>
        </test-method> <!-- runScenario -->
        <test-method signature="runScenario(io.cucumber.testng.PickleWrapper,io.cucumber.testng.FeatureWrapper)[pri:0, instance:runner.LocalRunner@bccb269]" started-at="2023-09-11T20:19:45 IST" name="runScenario" description="Runs Cucumber Scenarios" data-provider="scenarios" finished-at="2023-09-11T20:21:00 IST" duration-ms="74444" status="PASS">
          <params>
            <param index="0">
              <value>
                <![CDATA["Verify the Middle Name Text Field"]]>
              </value>
            </param>
            <param index="1">
              <value>
                <![CDATA["The Ability to edit Personal Details in My Info"]]>
              </value>
            </param>
          </params>
          <reporter-output>
          </reporter-output>
        </test-method> <!-- runScenario -->
        <test-method signature="runScenario(io.cucumber.testng.PickleWrapper,io.cucumber.testng.FeatureWrapper)[pri:0, instance:runner.LocalRunner@bccb269]" started-at="2023-09-11T20:20:00 IST" name="runScenario" description="Runs Cucumber Scenarios" data-provider="scenarios" finished-at="2023-09-11T20:21:12 IST" duration-ms="72612" status="PASS">
          <params>
            <param index="0">
              <value>
                <![CDATA["Verify the Middle Name Text Field"]]>
              </value>
            </param>
            <param index="1">
              <value>
                <![CDATA["The Ability to edit Personal Details in My Info"]]>
              </value>
            </param>
          </params>
          <reporter-output>
          </reporter-output>
        </test-method> <!-- runScenario -->
        <test-method signature="runScenario(io.cucumber.testng.PickleWrapper,io.cucumber.testng.FeatureWrapper)[pri:0, instance:runner.LocalRunner@bccb269]" started-at="2023-09-11T20:20:04 IST" name="runScenario" description="Runs Cucumber Scenarios" data-provider="scenarios" finished-at="2023-09-11T20:21:17 IST" duration-ms="73732" status="FAIL">
          <params>
            <param index="0">
              <value>
                <![CDATA["Verify the Middle Name Text Field"]]>
              </value>
            </param>
            <param index="1">
              <value>
                <![CDATA["The Ability to edit Personal Details in My Info"]]>
              </value>
            </param>
          </params>
          <exception class="java.lang.AssertionError">
            <message>
              <![CDATA[expected [] but found [     ]]]>
            </message>
            <full-stacktrace>
              <![CDATA[java.lang.AssertionError: expected [] but found [     ]
at org.testng.Assert.fail(Assert.java:111)
at org.testng.Assert.failNotEquals(Assert.java:1578)
at org.testng.Assert.assertEqualsImpl(Assert.java:150)
at org.testng.Assert.assertEquals(Assert.java:132)
at org.testng.Assert.assertEquals(Assert.java:656)
at org.testng.Assert.assertEquals(Assert.java:666)
at stepdefinitions.PersonalDetailsStepDefiniton.click_save_and_verify_field_with(PersonalDetailsStepDefiniton.java:108)
at ✽.Click save and Verify "Middle name" field with "     "(file:///F:/Learning_Projects/eclipse-space/bdd-OrangeHrm/src/test/resources/Features/PersonalDetails.feature:77)
]]>
            </full-stacktrace>
          </exception> <!-- java.lang.AssertionError -->
          <reporter-output>
          </reporter-output>
        </test-method> <!-- runScenario -->
        <test-method signature="runScenario(io.cucumber.testng.PickleWrapper,io.cucumber.testng.FeatureWrapper)[pri:0, instance:runner.LocalRunner@bccb269]" started-at="2023-09-11T20:20:08 IST" name="runScenario" description="Runs Cucumber Scenarios" data-provider="scenarios" finished-at="2023-09-11T20:21:22 IST" duration-ms="73848" status="PASS">
          <params>
            <param index="0">
              <value>
                <![CDATA["Verify the Middle Name Text Field"]]>
              </value>
            </param>
            <param index="1">
              <value>
                <![CDATA["The Ability to edit Personal Details in My Info"]]>
              </value>
            </param>
          </params>
          <reporter-output>
          </reporter-output>
        </test-method> <!-- runScenario -->
        <test-method signature="runScenario(io.cucumber.testng.PickleWrapper,io.cucumber.testng.FeatureWrapper)[pri:0, instance:runner.LocalRunner@bccb269]" started-at="2023-09-11T20:20:10 IST" name="runScenario" description="Runs Cucumber Scenarios" data-provider="scenarios" finished-at="2023-09-11T20:20:50 IST" duration-ms="40902" status="PASS">
          <params>
            <param index="0">
              <value>
                <![CDATA["Verify the Middle Name Text Field"]]>
              </value>
            </param>
            <param index="1">
              <value>
                <![CDATA["The Ability to edit Personal Details in My Info"]]>
              </value>
            </param>
          </params>
          <reporter-output>
          </reporter-output>
        </test-method> <!-- runScenario -->
        <test-method signature="runScenario(io.cucumber.testng.PickleWrapper,io.cucumber.testng.FeatureWrapper)[pri:0, instance:runner.LocalRunner@bccb269]" started-at="2023-09-11T20:20:30 IST" name="runScenario" description="Runs Cucumber Scenarios" data-provider="scenarios" finished-at="2023-09-11T20:21:47 IST" duration-ms="77078" status="FAIL">
          <params>
            <param index="0">
              <value>
                <![CDATA["Verify the Last Name Text Field"]]>
              </value>
            </param>
            <param index="1">
              <value>
                <![CDATA["The Ability to edit Personal Details in My Info"]]>
              </value>
            </param>
          </params>
          <exception class="java.lang.AssertionError">
            <message>
              <![CDATA[expected [Penber] but found [   Penber   ]]]>
            </message>
            <full-stacktrace>
              <![CDATA[java.lang.AssertionError: expected [Penber] but found [   Penber   ]
at org.testng.Assert.fail(Assert.java:111)
at org.testng.Assert.failNotEquals(Assert.java:1578)
at org.testng.Assert.assertEqualsImpl(Assert.java:150)
at org.testng.Assert.assertEquals(Assert.java:132)
at org.testng.Assert.assertEquals(Assert.java:656)
at org.testng.Assert.assertEquals(Assert.java:666)
at stepdefinitions.PersonalDetailsStepDefiniton.click_save_and_verify_field_with(PersonalDetailsStepDefiniton.java:108)
at ✽.Click save and Verify "Last name" field with "   Penber   "(file:///F:/Learning_Projects/eclipse-space/bdd-OrangeHrm/src/test/resources/Features/PersonalDetails.feature:106)
]]>
            </full-stacktrace>
          </exception> <!-- java.lang.AssertionError -->
          <reporter-output>
          </reporter-output>
        </test-method> <!-- runScenario -->
        <test-method signature="runScenario(io.cucumber.testng.PickleWrapper,io.cucumber.testng.FeatureWrapper)[pri:0, instance:runner.LocalRunner@bccb269]" started-at="2023-09-11T20:20:30 IST" name="runScenario" description="Runs Cucumber Scenarios" data-provider="scenarios" finished-at="2023-09-11T20:21:47 IST" duration-ms="76642" status="PASS">
          <params>
            <param index="0">
              <value>
                <![CDATA["Verify the Last Name Text Field"]]>
              </value>
            </param>
            <param index="1">
              <value>
                <![CDATA["The Ability to edit Personal Details in My Info"]]>
              </value>
            </param>
          </params>
          <reporter-output>
          </reporter-output>
        </test-method> <!-- runScenario -->
        <test-method signature="runScenario(io.cucumber.testng.PickleWrapper,io.cucumber.testng.FeatureWrapper)[pri:0, instance:runner.LocalRunner@bccb269]" started-at="2023-09-11T20:20:30 IST" name="runScenario" description="Runs Cucumber Scenarios" data-provider="scenarios" finished-at="2023-09-11T20:21:47 IST" duration-ms="77083" status="PASS">
          <params>
            <param index="0">
              <value>
                <![CDATA["Verify the Last Name Text Field"]]>
              </value>
            </param>
            <param index="1">
              <value>
                <![CDATA["The Ability to edit Personal Details in My Info"]]>
              </value>
            </param>
          </params>
          <reporter-output>
          </reporter-output>
        </test-method> <!-- runScenario -->
        <test-method signature="runScenario(io.cucumber.testng.PickleWrapper,io.cucumber.testng.FeatureWrapper)[pri:0, instance:runner.LocalRunner@bccb269]" started-at="2023-09-11T20:20:50 IST" name="runScenario" description="Runs Cucumber Scenarios" data-provider="scenarios" finished-at="2023-09-11T20:22:03 IST" duration-ms="72461" status="PASS">
          <params>
            <param index="0">
              <value>
                <![CDATA["Verify the Last Name Text Field"]]>
              </value>
            </param>
            <param index="1">
              <value>
                <![CDATA["The Ability to edit Personal Details in My Info"]]>
              </value>
            </param>
          </params>
          <reporter-output>
          </reporter-output>
        </test-method> <!-- runScenario -->
        <test-method signature="runScenario(io.cucumber.testng.PickleWrapper,io.cucumber.testng.FeatureWrapper)[pri:0, instance:runner.LocalRunner@bccb269]" started-at="2023-09-11T20:20:58 IST" name="runScenario" description="Runs Cucumber Scenarios" data-provider="scenarios" finished-at="2023-09-11T20:21:39 IST" duration-ms="41145" status="PASS">
          <params>
            <param index="0">
              <value>
                <![CDATA["Verify the Last Name Text Field"]]>
              </value>
            </param>
            <param index="1">
              <value>
                <![CDATA["The Ability to edit Personal Details in My Info"]]>
              </value>
            </param>
          </params>
          <reporter-output>
          </reporter-output>
        </test-method> <!-- runScenario -->
        <test-method signature="runScenario(io.cucumber.testng.PickleWrapper,io.cucumber.testng.FeatureWrapper)[pri:0, instance:runner.LocalRunner@bccb269]" started-at="2023-09-11T20:20:58 IST" name="runScenario" description="Runs Cucumber Scenarios" data-provider="scenarios" finished-at="2023-09-11T20:21:40 IST" duration-ms="41434" status="PASS">
          <params>
            <param index="0">
              <value>
                <![CDATA["Verify the Last Name Text Field"]]>
              </value>
            </param>
            <param index="1">
              <value>
                <![CDATA["The Ability to edit Personal Details in My Info"]]>
              </value>
            </param>
          </params>
          <reporter-output>
          </reporter-output>
        </test-method> <!-- runScenario -->
        <test-method signature="runScenario(io.cucumber.testng.PickleWrapper,io.cucumber.testng.FeatureWrapper)[pri:0, instance:runner.LocalRunner@bccb269]" started-at="2023-09-11T20:21:00 IST" name="runScenario" description="Runs Cucumber Scenarios" data-provider="scenarios" finished-at="2023-09-11T20:21:41 IST" duration-ms="41050" status="PASS">
          <params>
            <param index="0">
              <value>
                <![CDATA["Verify the Last Name Text Field"]]>
              </value>
            </param>
            <param index="1">
              <value>
                <![CDATA["The Ability to edit Personal Details in My Info"]]>
              </value>
            </param>
          </params>
          <reporter-output>
          </reporter-output>
        </test-method> <!-- runScenario -->
        <test-method signature="runScenario(io.cucumber.testng.PickleWrapper,io.cucumber.testng.FeatureWrapper)[pri:0, instance:runner.LocalRunner@bccb269]" started-at="2023-09-11T20:21:12 IST" name="runScenario" description="Runs Cucumber Scenarios" data-provider="scenarios" finished-at="2023-09-11T20:21:56 IST" duration-ms="43665" status="PASS">
          <params>
            <param index="0">
              <value>
                <![CDATA["Verify the Last Name Text Field"]]>
              </value>
            </param>
            <param index="1">
              <value>
                <![CDATA["The Ability to edit Personal Details in My Info"]]>
              </value>
            </param>
          </params>
          <reporter-output>
          </reporter-output>
        </test-method> <!-- runScenario -->
        <test-method signature="runScenario(io.cucumber.testng.PickleWrapper,io.cucumber.testng.FeatureWrapper)[pri:0, instance:runner.LocalRunner@bccb269]" started-at="2023-09-11T20:21:17 IST" name="runScenario" description="Runs Cucumber Scenarios" data-provider="scenarios" finished-at="2023-09-11T20:22:30 IST" duration-ms="72981" status="PASS">
          <params>
            <param index="0">
              <value>
                <![CDATA["Verify the Last Name Text Field"]]>
              </value>
            </param>
            <param index="1">
              <value>
                <![CDATA["The Ability to edit Personal Details in My Info"]]>
              </value>
            </param>
          </params>
          <reporter-output>
          </reporter-output>
        </test-method> <!-- runScenario -->
        <test-method signature="runScenario(io.cucumber.testng.PickleWrapper,io.cucumber.testng.FeatureWrapper)[pri:0, instance:runner.LocalRunner@bccb269]" started-at="2023-09-11T20:21:22 IST" name="runScenario" description="Runs Cucumber Scenarios" data-provider="scenarios" finished-at="2023-09-11T20:22:03 IST" duration-ms="41300" status="PASS">
          <params>
            <param index="0">
              <value>
                <![CDATA["Verify the Last Name Text Field"]]>
              </value>
            </param>
            <param index="1">
              <value>
                <![CDATA["The Ability to edit Personal Details in My Info"]]>
              </value>
            </param>
          </params>
          <reporter-output>
          </reporter-output>
        </test-method> <!-- runScenario -->
        <test-method signature="runScenario(io.cucumber.testng.PickleWrapper,io.cucumber.testng.FeatureWrapper)[pri:0, instance:runner.LocalRunner@bccb269]" started-at="2023-09-11T20:21:39 IST" name="runScenario" description="Runs Cucumber Scenarios" data-provider="scenarios" finished-at="2023-09-11T20:22:21 IST" duration-ms="42415" status="PASS">
          <params>
            <param index="0">
              <value>
                <![CDATA["Verify the Last Name Text Field"]]>
              </value>
            </param>
            <param index="1">
              <value>
                <![CDATA["The Ability to edit Personal Details in My Info"]]>
              </value>
            </param>
          </params>
          <reporter-output>
          </reporter-output>
        </test-method> <!-- runScenario -->
        <test-method signature="runScenario(io.cucumber.testng.PickleWrapper,io.cucumber.testng.FeatureWrapper)[pri:0, instance:runner.LocalRunner@bccb269]" started-at="2023-09-11T20:21:40 IST" name="runScenario" description="Runs Cucumber Scenarios" data-provider="scenarios" finished-at="2023-09-11T20:22:22 IST" duration-ms="42912" status="PASS">
          <params>
            <param index="0">
              <value>
                <![CDATA["Verify the Last Name Text Field"]]>
              </value>
            </param>
            <param index="1">
              <value>
                <![CDATA["The Ability to edit Personal Details in My Info"]]>
              </value>
            </param>
          </params>
          <reporter-output>
          </reporter-output>
        </test-method> <!-- runScenario -->
        <test-method signature="runScenario(io.cucumber.testng.PickleWrapper,io.cucumber.testng.FeatureWrapper)[pri:0, instance:runner.LocalRunner@bccb269]" started-at="2023-09-11T20:21:41 IST" name="runScenario" description="Runs Cucumber Scenarios" data-provider="scenarios" finished-at="2023-09-11T20:21:55 IST" duration-ms="14271" status="PASS">
          <params>
            <param index="0">
              <value>
                <![CDATA["Verify the Last Name Text Field"]]>
              </value>
            </param>
            <param index="1">
              <value>
                <![CDATA["The Ability to edit Personal Details in My Info"]]>
              </value>
            </param>
          </params>
          <reporter-output>
          </reporter-output>
        </test-method> <!-- runScenario -->
        <test-method signature="runScenario(io.cucumber.testng.PickleWrapper,io.cucumber.testng.FeatureWrapper)[pri:0, instance:runner.LocalRunner@bccb269]" started-at="2023-09-11T20:21:47 IST" name="runScenario" description="Runs Cucumber Scenarios" data-provider="scenarios" finished-at="2023-09-11T20:23:05 IST" duration-ms="78615" status="PASS">
          <params>
            <param index="0">
              <value>
                <![CDATA["Verify the Date Picker Buttons"]]>
              </value>
            </param>
            <param index="1">
              <value>
                <![CDATA["The Ability to edit Personal Details in My Info"]]>
              </value>
            </param>
          </params>
          <reporter-output>
          </reporter-output>
        </test-method> <!-- runScenario -->
        <test-method signature="runScenario(io.cucumber.testng.PickleWrapper,io.cucumber.testng.FeatureWrapper)[pri:0, instance:runner.LocalRunner@bccb269]" started-at="2023-09-11T20:21:47 IST" name="runScenario" description="Runs Cucumber Scenarios" data-provider="scenarios" finished-at="2023-09-11T20:22:35 IST" duration-ms="47909" status="PASS">
          <params>
            <param index="0">
              <value>
                <![CDATA["Verify the Date Picker functions"]]>
              </value>
            </param>
            <param index="1">
              <value>
                <![CDATA["The Ability to edit Personal Details in My Info"]]>
              </value>
            </param>
          </params>
          <reporter-output>
          </reporter-output>
        </test-method> <!-- runScenario -->
        <test-method signature="runScenario(io.cucumber.testng.PickleWrapper,io.cucumber.testng.FeatureWrapper)[pri:0, instance:runner.LocalRunner@bccb269]" started-at="2023-09-11T20:21:47 IST" name="runScenario" description="Runs Cucumber Scenarios" data-provider="scenarios" finished-at="2023-09-11T20:22:41 IST" duration-ms="53460" status="PASS">
          <params>
            <param index="0">
              <value>
                <![CDATA["Verify the functionality of Help Btn"]]>
              </value>
            </param>
            <param index="1">
              <value>
                <![CDATA["The Ability to edit Personal Details in My Info"]]>
              </value>
            </param>
          </params>
          <reporter-output>
          </reporter-output>
        </test-method> <!-- runScenario -->
        <test-method signature="runScenario(io.cucumber.testng.PickleWrapper,io.cucumber.testng.FeatureWrapper)[pri:0, instance:runner.LocalRunner@bccb269]" started-at="2023-09-11T20:21:55 IST" name="runScenario" description="Runs Cucumber Scenarios" data-provider="scenarios" finished-at="2023-09-11T20:22:46 IST" duration-ms="50921" status="PASS">
          <params>
            <param index="0">
              <value>
                <![CDATA["Verify the functionality to select Nation"]]>
              </value>
            </param>
            <param index="1">
              <value>
                <![CDATA["The Ability to edit Personal Details in My Info"]]>
              </value>
            </param>
          </params>
          <reporter-output>
          </reporter-output>
        </test-method> <!-- runScenario -->
        <test-method signature="runScenario(io.cucumber.testng.PickleWrapper,io.cucumber.testng.FeatureWrapper)[pri:0, instance:runner.LocalRunner@bccb269]" started-at="2023-09-11T20:21:56 IST" name="runScenario" description="Runs Cucumber Scenarios" data-provider="scenarios" finished-at="2023-09-11T20:22:48 IST" duration-ms="51710" status="PASS">
          <params>
            <param index="0">
              <value>
                <![CDATA["Verify the functionality to select Nation"]]>
              </value>
            </param>
            <param index="1">
              <value>
                <![CDATA["The Ability to edit Personal Details in My Info"]]>
              </value>
            </param>
          </params>
          <reporter-output>
          </reporter-output>
        </test-method> <!-- runScenario -->
        <test-method signature="runScenario(io.cucumber.testng.PickleWrapper,io.cucumber.testng.FeatureWrapper)[pri:0, instance:runner.LocalRunner@bccb269]" started-at="2023-09-11T20:22:03 IST" name="runScenario" description="Runs Cucumber Scenarios" data-provider="scenarios" finished-at="2023-09-11T20:23:52 IST" duration-ms="109422" status="PASS">
          <params>
            <param index="0">
              <value>
                <![CDATA["Verify the Gender Radio buttons"]]>
              </value>
            </param>
            <param index="1">
              <value>
                <![CDATA["The Ability to edit Personal Details in My Info"]]>
              </value>
            </param>
          </params>
          <reporter-output>
          </reporter-output>
        </test-method> <!-- runScenario -->
        <test-method signature="runScenario(io.cucumber.testng.PickleWrapper,io.cucumber.testng.FeatureWrapper)[pri:0, instance:runner.LocalRunner@bccb269]" started-at="2023-09-11T20:22:03 IST" name="runScenario" description="Runs Cucumber Scenarios" data-provider="scenarios" finished-at="2023-09-11T20:25:26 IST" duration-ms="203124" status="FAIL">
          <params>
            <param index="0">
              <value>
                <![CDATA["Verify the ability to add Attachements"]]>
              </value>
            </param>
            <param index="1">
              <value>
                <![CDATA["The Ability to edit Personal Details in My Info"]]>
              </value>
            </param>
          </params>
          <exception class="org.openqa.selenium.NoSuchElementException">
            <message>
              <![CDATA[no such element: Unable to locate element: {"method":"xpath","selector":"(//div[@class='oxd-table-body']/div/div/div[2])[last()]"}
  (Session info: headless chrome=116.0.5845.180)
For documentation on this error, please visit: https://www.selenium.dev/documentation/webdriver/troubleshooting/errors#no-such-element-exception
Build info: version: '4.12.1', revision: '8e34639b11'
System info: os.name: 'Windows 11', os.arch: 'amd64', os.version: '10.0', java.version: '20.0.2'
Driver info: org.openqa.selenium.chrome.ChromeDriver
Command: [679dff959f7c086b66282efaf9e0c1b8, findElement {using=xpath, value=(//div[@class='oxd-table-body']/div/div/div[2])[last()]}]
Capabilities {acceptInsecureCerts: true, browserName: chrome, browserVersion: 116.0.5845.180, chrome: {chromedriverVersion: 116.0.5845.96 (1a3918166880..., userDataDir: C:\Users\Ranjith\AppData\Lo...}, fedcm:accounts: true, goog:chromeOptions: {debuggerAddress: localhost:4815}, networkConnectionEnabled: false, pageLoadStrategy: normal, platformName: windows, proxy: Proxy(), se:cdp: ws://localhost:4815/devtool..., se:cdpVersion: 116.0.5845.180, setWindowRect: true, strictFileInteractability: false, timeouts: {implicit: 0, pageLoad: 300000, script: 30000}, unhandledPromptBehavior: dismiss and notify, webauthn:extension:credBlob: true, webauthn:extension:largeBlob: true, webauthn:extension:minPinLength: true, webauthn:extension:prf: true, webauthn:virtualAuthenticators: true}
Session ID: 679dff959f7c086b66282efaf9e0c1b8]]>
            </message>
            <full-stacktrace>
              <![CDATA[org.openqa.selenium.NoSuchElementException: no such element: Unable to locate element: {"method":"xpath","selector":"(//div[@class='oxd-table-body']/div/div/div[2])[last()]"}
  (Session info: headless chrome=116.0.5845.180)
For documentation on this error, please visit: https://www.selenium.dev/documentation/webdriver/troubleshooting/errors#no-such-element-exception
Build info: version: '4.12.1', revision: '8e34639b11'
System info: os.name: 'Windows 11', os.arch: 'amd64', os.version: '10.0', java.version: '20.0.2'
Driver info: org.openqa.selenium.chrome.ChromeDriver
Command: [679dff959f7c086b66282efaf9e0c1b8, findElement {using=xpath, value=(//div[@class='oxd-table-body']/div/div/div[2])[last()]}]
Capabilities {acceptInsecureCerts: true, browserName: chrome, browserVersion: 116.0.5845.180, chrome: {chromedriverVersion: 116.0.5845.96 (1a3918166880..., userDataDir: C:\Users\Ranjith\AppData\Lo...}, fedcm:accounts: true, goog:chromeOptions: {debuggerAddress: localhost:4815}, networkConnectionEnabled: false, pageLoadStrategy: normal, platformName: windows, proxy: Proxy(), se:cdp: ws://localhost:4815/devtool..., se:cdpVersion: 116.0.5845.180, setWindowRect: true, strictFileInteractability: false, timeouts: {implicit: 0, pageLoad: 300000, script: 30000}, unhandledPromptBehavior: dismiss and notify, webauthn:extension:credBlob: true, webauthn:extension:largeBlob: true, webauthn:extension:minPinLength: true, webauthn:extension:prf: true, webauthn:virtualAuthenticators: true}
Session ID: 679dff959f7c086b66282efaf9e0c1b8
at java.base/jdk.internal.reflect.DirectConstructorHandleAccessor.newInstance(DirectConstructorHandleAccessor.java:67)
at java.base/java.lang.reflect.Constructor.newInstanceWithCaller(Constructor.java:500)
at java.base/java.lang.reflect.Constructor.newInstance(Constructor.java:484)
at org.openqa.selenium.remote.codec.w3c.W3CHttpResponseCodec.createException(W3CHttpResponseCodec.java:200)
at org.openqa.selenium.remote.codec.w3c.W3CHttpResponseCodec.decode(W3CHttpResponseCodec.java:133)
at org.openqa.selenium.remote.codec.w3c.W3CHttpResponseCodec.decode(W3CHttpResponseCodec.java:52)
at org.openqa.selenium.remote.HttpCommandExecutor.execute(HttpCommandExecutor.java:191)
at org.openqa.selenium.remote.service.DriverCommandExecutor.invokeExecute(DriverCommandExecutor.java:196)
at org.openqa.selenium.remote.service.DriverCommandExecutor.execute(DriverCommandExecutor.java:171)
at org.openqa.selenium.remote.RemoteWebDriver.execute(RemoteWebDriver.java:602)
at org.openqa.selenium.remote.ElementLocation$ElementFinder$2.findElement(ElementLocation.java:165)
at org.openqa.selenium.remote.ElementLocation.findElement(ElementLocation.java:59)
at org.openqa.selenium.remote.RemoteWebDriver.findElement(RemoteWebDriver.java:359)
at org.openqa.selenium.remote.RemoteWebDriver.findElement(RemoteWebDriver.java:353)
at pageObjects.PersonalDetails.attachementVerifier(PersonalDetails.java:405)
at stepdefinitions.PersonalDetailsStepDefiniton.verify_the_file_size_as(PersonalDetailsStepDefiniton.java:255)
at ✽.Verify the "maximum_size.jpg" file size "Without Comment" as ""(file:///F:/Learning_Projects/eclipse-space/bdd-OrangeHrm/src/test/resources/Features/PersonalDetails.feature:224)
]]>
            </full-stacktrace>
          </exception> <!-- org.openqa.selenium.NoSuchElementException -->
          <reporter-output>
          </reporter-output>
        </test-method> <!-- runScenario -->
        <test-method signature="runScenario(io.cucumber.testng.PickleWrapper,io.cucumber.testng.FeatureWrapper)[pri:0, instance:runner.LocalRunner@bccb269]" started-at="2023-09-11T20:22:21 IST" name="runScenario" description="Runs Cucumber Scenarios" data-provider="scenarios" finished-at="2023-09-11T20:23:00 IST" duration-ms="39078" status="PASS">
          <params>
            <param index="0">
              <value>
                <![CDATA["Verify the ability to add Attachements"]]>
              </value>
            </param>
            <param index="1">
              <value>
                <![CDATA["The Ability to edit Personal Details in My Info"]]>
              </value>
            </param>
          </params>
          <reporter-output>
          </reporter-output>
        </test-method> <!-- runScenario -->
        <test-method signature="runScenario(io.cucumber.testng.PickleWrapper,io.cucumber.testng.FeatureWrapper)[pri:0, instance:runner.LocalRunner@bccb269]" started-at="2023-09-11T20:22:22 IST" name="runScenario" description="Runs Cucumber Scenarios" data-provider="scenarios" finished-at="2023-09-11T20:23:02 IST" duration-ms="39150" status="PASS">
          <params>
            <param index="0">
              <value>
                <![CDATA["Verify the ability to add Attachements"]]>
              </value>
            </param>
            <param index="1">
              <value>
                <![CDATA["The Ability to edit Personal Details in My Info"]]>
              </value>
            </param>
          </params>
          <reporter-output>
          </reporter-output>
        </test-method> <!-- runScenario -->
        <test-method signature="runScenario(io.cucumber.testng.PickleWrapper,io.cucumber.testng.FeatureWrapper)[pri:0, instance:runner.LocalRunner@bccb269]" started-at="2023-09-11T20:22:30 IST" name="runScenario" description="Runs Cucumber Scenarios" data-provider="scenarios" finished-at="2023-09-11T20:23:09 IST" duration-ms="38810" status="PASS">
          <params>
            <param index="0">
              <value>
                <![CDATA["Verify the ability to add Attachements"]]>
              </value>
            </param>
            <param index="1">
              <value>
                <![CDATA["The Ability to edit Personal Details in My Info"]]>
              </value>
            </param>
          </params>
          <reporter-output>
          </reporter-output>
        </test-method> <!-- runScenario -->
        <test-method signature="runScenario(io.cucumber.testng.PickleWrapper,io.cucumber.testng.FeatureWrapper)[pri:0, instance:runner.LocalRunner@bccb269]" started-at="2023-09-11T20:22:35 IST" name="runScenario" description="Runs Cucumber Scenarios" data-provider="scenarios" finished-at="2023-09-11T20:23:14 IST" duration-ms="39467" status="PASS">
          <params>
            <param index="0">
              <value>
                <![CDATA["Verify the ability to add Attachements"]]>
              </value>
            </param>
            <param index="1">
              <value>
                <![CDATA["The Ability to edit Personal Details in My Info"]]>
              </value>
            </param>
          </params>
          <reporter-output>
          </reporter-output>
        </test-method> <!-- runScenario -->
        <test-method is-config="true" signature="tearDownClass()[pri:0, instance:runner.LocalRunner@bccb269]" started-at="2023-09-11T20:25:26 IST" name="tearDownClass" finished-at="2023-09-11T20:25:32 IST" duration-ms="5176" status="PASS">
          <reporter-output>
          </reporter-output>
        </test-method> <!-- tearDownClass -->
      </class> <!-- runner.LocalRunner -->
    </test> <!-- Default test -->
  </suite> <!-- Default suite -->
</testng-results>
